
 ------------- USUARIO --------------------
biblioteca No se encuentra en el sistema
el directorio de biblioteca No existe
el usuario biblioteca ha sido creado
 ------------- USUARIO --------------------
biblioteca No se encuentra en el sistema
el directorio de biblioteca No existe
el usuario biblioteca ha sido creado
 ------------- USUARIO --------------------
biblioteca No se encuentra en el sistema
el directorio de biblioteca No existe
el usuario biblioteca ha sido creado
 ------------- USUARIO --------------------
biblioteca No se encuentra en el sistema
el directorio de biblioteca No existe
el usuario biblioteca ha sido creado
 ------------- USUARIO --------------------
biblioteca No se encuentra en el sistema
el directorio de biblioteca No existe
el usuario biblioteca ha sido creado
 ------------- USUARIO --------------------
biblioteca No se encuentra en el sistema
el directorio de biblioteca No existe
el usuario biblioteca ha sido creado
 ------------- USUARIO --------------------
biblioteca No se encuentra en el sistema
el directorio de biblioteca No existe
el usuario biblioteca ha sido creado
 ------------- USUARIO --------------------
biblioteca No se encuentra en el sistema
el directorio de biblioteca No existe
el usuario biblioteca ha sido creado
 ------------- USUARIO --------------------
biblioteca No se encuentra en el sistema
el directorio de biblioteca No existe
el usuario biblioteca ha sido creado
 ------------- USUARIO --------------------
biblioteca No se encuentra en el sistema
el directorio de biblioteca No existe
el usuario biblioteca ha sido creado
 ------------- USUARIO --------------------
biblioteca No se encuentra en el sistema
el directorio de biblioteca No existe
el usuario biblioteca ha sido creado
 ------------- USUARIO --------------------
biblioteca No se encuentra en el sistema
el directorio de biblioteca No existe
el usuario biblioteca ha sido creado
 ------------- USUARIO --------------------
biblioteca No se encuentra en el sistema
el directorio de biblioteca No existe
el usuario biblioteca ha sido creado
 ------------- USUARIO --------------------
biblioteca No se encuentra en el sistema
el directorio de biblioteca No existe
el usuario biblioteca ha sido creado
 ------------- USUARIO --------------------
biblioteca No se encuentra en el sistema
el directorio de biblioteca No existe
el usuario biblioteca ha sido creado
 ------------- USUARIO --------------------
biblioteca No se encuentra en el sistema
el directorio de biblioteca No existe
el usuario biblioteca ha sido creado
 ------------- USUARIO --------------------
biblioteca No se encuentra en el sistema
el directorio de biblioteca No existe
el usuario biblioteca ha sido creado
 ------------- USUARIO --------------------
biblioteca No se encuentra en el sistema
el directorio de biblioteca No existe
el usuario biblioteca ha sido creado
 ------------- USUARIO --------------------
biblioteca No se encuentra en el sistema
el directorio de biblioteca No existe
el usuario biblioteca ha sido creado
 ------------- USUARIO --------------------
biblioteca No se encuentra en el sistema
el directorio de biblioteca No existe
el usuario biblioteca ha sido creado
 ------------- USUARIO --------------------
biblioteca No se encuentra en el sistema
el directorio de biblioteca No existe
el usuario biblioteca ha sido creado
 ------------- USUARIO --------------------
elielz No se encuentra en el sistema
el directorio de elielz No existe
el usuario elielz ha sido creado
 ------------- USUARIO --------------------
elielz No se encuentra en el sistema
el directorio de elielz No existe
el usuario elielz ha sido creado
 ------------- USUARIO --------------------
elielz No se encuentra en el sistema
el directorio de elielz No existe
el usuario elielz ha sido creado
 ------------- USUARIO --------------------
elielz No se encuentra en el sistema
el directorio de elielz No existe
el usuario elielz ha sido creado
 ------------- USUARIO --------------------
elielz No se encuentra en el sistema
el directorio de elielz No existe
el usuario elielz ha sido creado
 ------------- USUARIO --------------------
elielz No se encuentra en el sistema
el directorio de elielz No existe
el usuario elielz ha sido creado
 ------------- USUARIO --------------------
elielz No se encuentra en el sistema
el directorio de elielz No existe
el usuario elielz ha sido creado
 ------------- USUARIO --------------------
elielz No se encuentra en el sistema
el directorio de elielz No existe
el usuario elielz ha sido creado
 ------------- USUARIO --------------------
elielz No se encuentra en el sistema
el directorio de elielz No existe
el usuario elielz ha sido creado
 ------------- USUARIO --------------------
elielz No se encuentra en el sistema
el directorio de elielz No existe
el usuario elielz ha sido creado
 ------------- USUARIO --------------------
elielz No se encuentra en el sistema
el directorio de elielz No existe
el usuario elielz ha sido creado
 ------------- USUARIO --------------------
elielz No se encuentra en el sistema
el directorio de elielz No existe
el usuario elielz ha sido creado
